\BOOKMARK [0][-]{chapter.1}{Chapter 1 Introduction}{}% 1
\BOOKMARK [1][-]{section.1.1}{Machine Learning}{chapter.1}% 2
\BOOKMARK [1][-]{section.1.2}{Network Science}{chapter.1}% 3
\BOOKMARK [1][-]{section.1.3}{Information Transfer in Financial Markets}{chapter.1}% 4
\BOOKMARK [1][-]{section.1.4}{Figures and Tables}{chapter.1}% 5
\BOOKMARK [0][-]{chapter.2}{Chapter 2 Standard Machine Learning Language}{}% 6
\BOOKMARK [1][-]{section.2.1}{Introduction}{chapter.2}% 7
\BOOKMARK [1][-]{section.2.2}{Prior Works}{chapter.2}% 8
\BOOKMARK [1][-]{section.2.3}{Grammar}{chapter.2}% 9
\BOOKMARK [1][-]{section.2.4}{SML's Architecture}{chapter.2}% 10
\BOOKMARK [1][-]{section.2.5}{Interface}{chapter.2}% 11
\BOOKMARK [1][-]{section.2.6}{Use Cases}{chapter.2}% 12
\BOOKMARK [1][-]{section.2.7}{Future Work}{chapter.2}% 13
\BOOKMARK [1][-]{section.2.8}{Conclusion}{chapter.2}% 14
\BOOKMARK [1][-]{section.2.9}{Figures and Listings}{chapter.2}% 15
\BOOKMARK [0][-]{chapter.3}{Chapter 3 Directional Profitability Predictions with Random Forests}{}% 16
\BOOKMARK [1][-]{section.3.1}{Introduction}{chapter.3}% 17
\BOOKMARK [1][-]{section.3.2}{Data}{chapter.3}% 18
\BOOKMARK [1][-]{section.3.3}{Methods}{chapter.3}% 19
\BOOKMARK [1][-]{section.3.4}{Random Forest Implementation to Predict Directional Profitability}{chapter.3}% 20
\BOOKMARK [1][-]{section.3.5}{Random Walk Benchmark Models}{chapter.3}% 21
\BOOKMARK [1][-]{section.3.6}{Comparative Analyses}{chapter.3}% 22
\BOOKMARK [1][-]{section.3.7}{Results}{chapter.3}% 23
\BOOKMARK [1][-]{section.3.8}{Conclusion and Future Work}{chapter.3}% 24
\BOOKMARK [1][-]{section.3.9}{Figures and Tables}{chapter.3}% 25
\BOOKMARK [0][-]{chapter.4}{Chapter 4 \040Information Transfer Estimation on Large Data}{}% 26
\BOOKMARK [1][-]{section.4.1}{Introduction}{chapter.4}% 27
\BOOKMARK [1][-]{section.4.2}{Estimating Transfer Entropy}{chapter.4}% 28
\BOOKMARK [1][-]{section.4.3}{PyIF}{chapter.4}% 29
\BOOKMARK [1][-]{section.4.4}{Comparative Analysis}{chapter.4}% 30
\BOOKMARK [1][-]{section.4.5}{Results}{chapter.4}% 31
\BOOKMARK [1][-]{section.4.6}{Conclusion}{chapter.4}% 32
\BOOKMARK [1][-]{section.4.7}{Figures and Tables}{chapter.4}% 33
\BOOKMARK [0][-]{chapter.5}{Chapter 5 Cross-Firm Information Transfers During Earnings Season: A Network Approach}{}% 34
\BOOKMARK [1][-]{section.5.1}{Introduction}{chapter.5}% 35
\BOOKMARK [1][-]{section.5.2}{Data}{chapter.5}% 36
\BOOKMARK [1][-]{section.5.3}{Estimating Dynamic Information Transfer Between Firms}{chapter.5}% 37
\BOOKMARK [1][-]{section.5.4}{Exploratory Data Analysis}{chapter.5}% 38
\BOOKMARK [1][-]{section.5.5}{Earnings Surprise as a Determinant of Dynamic Information Transfers}{chapter.5}% 39
\BOOKMARK [1][-]{section.5.6}{Community Detection}{chapter.5}% 40
\BOOKMARK [1][-]{section.5.7}{Conclusion}{chapter.5}% 41
\BOOKMARK [1][-]{section.5.8}{Figures and Tables}{chapter.5}% 42
\BOOKMARK [0][-]{chapter.6}{Chapter 6 Conclusion}{}% 43
\BOOKMARK [1][-]{section.6.1}{Summary and Conclusion}{chapter.6}% 44
\BOOKMARK [0][-]{appendix.A}{Appendix A Standard Machine Learning Language Supplemental Code}{}% 45
\BOOKMARK [1][-]{section.A.1}{Iris Python Code}{appendix.A}% 46
\BOOKMARK [1][-]{section.A.2}{Auto-MPG Python Code}{appendix.A}% 47
