This is pdfTeX, Version 3.14159265-2.6-1.40.21 (TeX Live 2020) (preloaded format=pdflatex 2020.4.7)  11 MAR 2021 16:15
entering extended mode
 restricted \write18 enabled.
 %&-line parsing enabled.
**main.tex
(./main.tex
LaTeX2e <2020-02-02> patch level 5
L3 programming layer <2020-03-06> (./uiucthesis2014.cls
Document Class: uiucthesis2014 2014/05/02\ v2.25b\ UIUC Thesis (PJC)
(/usr/local/texlive/2020/texmf-dist/tex/latex/setspace/setspace.sty
Package: setspace 2011/12/19 v6.7a set line spacing
)
(/usr/local/texlive/2020/texmf-dist/tex/latex/base/book.cls
Document Class: book 2019/12/20 v1.4l Standard LaTeX document class
(/usr/local/texlive/2020/texmf-dist/tex/latex/base/bk12.clo
File: bk12.clo 2019/12/20 v1.4l Standard LaTeX file (size option)
)
\c@part=\count167
\c@chapter=\count168
\c@section=\count169
\c@subsection=\count170
\c@subsubsection=\count171
\c@paragraph=\count172
\c@subparagraph=\count173
\c@figure=\count174
\c@table=\count175
\abovecaptionskip=\skip47
\belowcaptionskip=\skip48
\bibindent=\dimen134
)
\thesis@chapskip=\skip49
\chaptertitleheight=\skip50
)
(/usr/local/texlive/2020/texmf-dist/tex/latex/natbib/natbib.sty
Package: natbib 2010/09/13 8.31b (PWD, AO)
\bibhang=\skip51
\bibsep=\skip52
LaTeX Info: Redefining \cite on input line 694.
\c@NAT@ctr=\count176
)
(/usr/local/texlive/2020/texmf-dist/tex/latex/cite/chapterbib.sty
\c@inputfile=\count177
Package: chapterbib 2010/09/18  v 1.17
)
(/usr/local/texlive/2020/texmf-dist/tex/latex/amsmath/amsmath.sty
Package: amsmath 2020/01/20 v2.17e AMS math features
\@mathmargin=\skip53

For additional information on amsmath, use the `?' option.
(/usr/local/texlive/2020/texmf-dist/tex/latex/amsmath/amstext.sty
Package: amstext 2000/06/29 v2.01 AMS text

(/usr/local/texlive/2020/texmf-dist/tex/latex/amsmath/amsgen.sty
File: amsgen.sty 1999/11/30 v2.0 generic functions
\@emptytoks=\toks15
\ex@=\dimen135
))
(/usr/local/texlive/2020/texmf-dist/tex/latex/amsmath/amsbsy.sty
Package: amsbsy 1999/11/29 v1.2d Bold Symbols
\pmbraise@=\dimen136
)
(/usr/local/texlive/2020/texmf-dist/tex/latex/amsmath/amsopn.sty
Package: amsopn 2016/03/08 v2.02 operator names
)
\inf@bad=\count178
LaTeX Info: Redefining \frac on input line 227.
\uproot@=\count179
\leftroot@=\count180
LaTeX Info: Redefining \overline on input line 389.
\classnum@=\count181
\DOTSCASE@=\count182
LaTeX Info: Redefining \ldots on input line 486.
LaTeX Info: Redefining \dots on input line 489.
LaTeX Info: Redefining \cdots on input line 610.
\Mathstrutbox@=\box45
\strutbox@=\box46
\big@size=\dimen137
LaTeX Font Info:    Redeclaring font encoding OML on input line 733.
LaTeX Font Info:    Redeclaring font encoding OMS on input line 734.
\macc@depth=\count183
\c@MaxMatrixCols=\count184
\dotsspace@=\muskip16
\c@parentequation=\count185
\dspbrk@lvl=\count186
\tag@help=\toks16
\row@=\count187
\column@=\count188
\maxfields@=\count189
\andhelp@=\toks17
\eqnshift@=\dimen138
\alignsep@=\dimen139
\tagshift@=\dimen140
\tagwidth@=\dimen141
\totwidth@=\dimen142
\lineht@=\dimen143
\@envbody=\toks18
\multlinegap=\skip54
\multlinetaggap=\skip55
\mathdisplay@stack=\toks19
LaTeX Info: Redefining \[ on input line 2859.
LaTeX Info: Redefining \] on input line 2860.
)
(/usr/local/texlive/2020/texmf-dist/tex/latex/amsfonts/amssymb.sty
Package: amssymb 2013/01/14 v3.01 AMS font symbols

(/usr/local/texlive/2020/texmf-dist/tex/latex/amsfonts/amsfonts.sty
Package: amsfonts 2013/01/14 v3.01 Basic AMSFonts support
\symAMSa=\mathgroup4
\symAMSb=\mathgroup5
LaTeX Font Info:    Redeclaring math symbol \hbar on input line 98.
LaTeX Font Info:    Overwriting math alphabet `\mathfrak' in version `bold'
(Font)                  U/euf/m/n --> U/euf/b/n on input line 106.
))
(/usr/local/texlive/2020/texmf-dist/tex/latex/natbib/bibentry.sty
Package: bibentry 2007/10/30 1.5 (PWD)
)
(/usr/local/texlive/2020/texmf-dist/tex/latex/graphics/graphicx.sty
Package: graphicx 2019/11/30 v1.2a Enhanced LaTeX Graphics (DPC,SPQR)

(/usr/local/texlive/2020/texmf-dist/tex/latex/graphics/keyval.sty
Package: keyval 2014/10/28 v1.15 key=value parser (DPC)
\KV@toks@=\toks20
)
(/usr/local/texlive/2020/texmf-dist/tex/latex/graphics/graphics.sty
Package: graphics 2019/11/30 v1.4a Standard LaTeX Graphics (DPC,SPQR)

(/usr/local/texlive/2020/texmf-dist/tex/latex/graphics/trig.sty
Package: trig 2016/01/03 v1.10 sin cos tan (DPC)
)
(/usr/local/texlive/2020/texmf-dist/tex/latex/graphics-cfg/graphics.cfg
File: graphics.cfg 2016/06/04 v1.11 sample graphics configuration
)
Package graphics Info: Driver file: pdftex.def on input line 105.

(/usr/local/texlive/2020/texmf-dist/tex/latex/graphics-def/pdftex.def
File: pdftex.def 2018/01/08 v1.0l Graphics/color driver for pdftex
))
\Gin@req@height=\dimen144
\Gin@req@width=\dimen145
)
(/usr/local/texlive/2020/texmf-dist/tex/latex/hyperref/hyperref.sty
Package: hyperref 2020/01/14 v7.00d Hypertext links for LaTeX

(/usr/local/texlive/2020/texmf-dist/tex/generic/ltxcmds/ltxcmds.sty
Package: ltxcmds 2019/12/15 v1.24 LaTeX kernel commands for general use (HO)
)
(/usr/local/texlive/2020/texmf-dist/tex/generic/iftex/iftex.sty
Package: iftex 2020/03/06 v1.0d TeX engine tests
)
(/usr/local/texlive/2020/texmf-dist/tex/latex/pdftexcmds/pdftexcmds.sty
Package: pdftexcmds 2019/11/24 v0.31 Utility functions of pdfTeX for LuaTeX (HO
)

(/usr/local/texlive/2020/texmf-dist/tex/generic/infwarerr/infwarerr.sty
Package: infwarerr 2019/12/03 v1.5 Providing info/warning/error messages (HO)
)
Package pdftexcmds Info: \pdf@primitive is available.
Package pdftexcmds Info: \pdf@ifprimitive is available.
Package pdftexcmds Info: \pdfdraftmode found.
)
(/usr/local/texlive/2020/texmf-dist/tex/generic/kvsetkeys/kvsetkeys.sty
Package: kvsetkeys 2019/12/15 v1.18 Key value parser (HO)
)
(/usr/local/texlive/2020/texmf-dist/tex/generic/kvdefinekeys/kvdefinekeys.sty
Package: kvdefinekeys 2019-12-19 v1.6 Define keys (HO)
)
(/usr/local/texlive/2020/texmf-dist/tex/generic/pdfescape/pdfescape.sty
Package: pdfescape 2019/12/09 v1.15 Implements pdfTeX's escape features (HO)
)
(/usr/local/texlive/2020/texmf-dist/tex/latex/hycolor/hycolor.sty
Package: hycolor 2020-01-27 v1.10 Color options for hyperref/bookmark (HO)
)
(/usr/local/texlive/2020/texmf-dist/tex/latex/letltxmacro/letltxmacro.sty
Package: letltxmacro 2019/12/03 v1.6 Let assignment for LaTeX macros (HO)
)
(/usr/local/texlive/2020/texmf-dist/tex/latex/auxhook/auxhook.sty
Package: auxhook 2019-12-17 v1.6 Hooks for auxiliary files (HO)
)
(/usr/local/texlive/2020/texmf-dist/tex/latex/kvoptions/kvoptions.sty
Package: kvoptions 2019/11/29 v3.13 Key value format for package options (HO)
)
\@linkdim=\dimen146
\Hy@linkcounter=\count190
\Hy@pagecounter=\count191

(/usr/local/texlive/2020/texmf-dist/tex/latex/hyperref/pd1enc.def
File: pd1enc.def 2020/01/14 v7.00d Hyperref: PDFDocEncoding definition (HO)
Now handling font encoding PD1 ...
... no UTF-8 mapping file for font encoding PD1
)
(/usr/local/texlive/2020/texmf-dist/tex/generic/intcalc/intcalc.sty
Package: intcalc 2019/12/15 v1.3 Expandable calculations with integers (HO)
)
(/usr/local/texlive/2020/texmf-dist/tex/generic/etexcmds/etexcmds.sty
Package: etexcmds 2019/12/15 v1.7 Avoid name clashes with e-TeX commands (HO)
)
\Hy@SavedSpaceFactor=\count192
Package hyperref Info: Hyper figures OFF on input line 4547.
Package hyperref Info: Link nesting OFF on input line 4552.
Package hyperref Info: Hyper index ON on input line 4555.
Package hyperref Info: Plain pages OFF on input line 4562.
Package hyperref Info: Backreferencing OFF on input line 4567.
Package hyperref Info: Implicit mode ON; LaTeX internals redefined.
Package hyperref Info: Bookmarks ON on input line 4800.
\c@Hy@tempcnt=\count193

(/usr/local/texlive/2020/texmf-dist/tex/latex/url/url.sty
\Urlmuskip=\muskip17
Package: url 2013/09/16  ver 3.4  Verb mode for urls, etc.
)
LaTeX Info: Redefining \url on input line 5159.
\XeTeXLinkMargin=\dimen147

(/usr/local/texlive/2020/texmf-dist/tex/generic/bitset/bitset.sty
Package: bitset 2019/12/09 v1.3 Handle bit-vector datatype (HO)

(/usr/local/texlive/2020/texmf-dist/tex/generic/bigintcalc/bigintcalc.sty
Package: bigintcalc 2019/12/15 v1.5 Expandable calculations on big integers (HO
)
))
\Fld@menulength=\count194
\Field@Width=\dimen148
\Fld@charsize=\dimen149
Package hyperref Info: Hyper figures OFF on input line 6430.
Package hyperref Info: Link nesting OFF on input line 6435.
Package hyperref Info: Hyper index ON on input line 6438.
Package hyperref Info: backreferencing OFF on input line 6445.
Package hyperref Info: Link coloring OFF on input line 6450.
Package hyperref Info: Link coloring with OCG OFF on input line 6455.
Package hyperref Info: PDF/A mode OFF on input line 6460.
LaTeX Info: Redefining \ref on input line 6500.
LaTeX Info: Redefining \pageref on input line 6504.

(/usr/local/texlive/2020/texmf-dist/tex/generic/atbegshi/atbegshi.sty
Package: atbegshi 2019/12/05 v1.19 At begin shipout hook (HO)
)
\Hy@abspage=\count195
\c@Item=\count196
\c@Hfootnote=\count197
)
Package hyperref Info: Driver (autodetected): hpdftex.

(/usr/local/texlive/2020/texmf-dist/tex/latex/hyperref/hpdftex.def
File: hpdftex.def 2020/01/14 v7.00d Hyperref driver for pdfTeX

(/usr/local/texlive/2020/texmf-dist/tex/latex/atveryend/atveryend.sty
Package: atveryend 2019-12-11 v1.11 Hooks at the very end of document (HO)
Package atveryend Info: \enddocument detected (standard20110627).
)
\Fld@listcount=\count198
\c@bookmark@seq@number=\count199

(/usr/local/texlive/2020/texmf-dist/tex/latex/rerunfilecheck/rerunfilecheck.sty
Package: rerunfilecheck 2019/12/05 v1.9 Rerun checks for auxiliary files (HO)

(/usr/local/texlive/2020/texmf-dist/tex/generic/uniquecounter/uniquecounter.sty
Package: uniquecounter 2019/12/15 v1.4 Provide unlimited unique counter (HO)
)
Package uniquecounter Info: New unique counter `rerunfilecheck' on input line 2
86.
)
\Hy@SectionHShift=\skip56
) (/usr/local/texlive/2020/texmf-dist/tex/latex/caption/caption.sty
Package: caption 2020/01/03 v3.4h Customizing captions (AR)

(/usr/local/texlive/2020/texmf-dist/tex/latex/caption/caption3.sty
Package: caption3 2020/01/03 v1.8h caption3 kernel (AR)
Package caption3 Info: TeX engine: e-TeX on input line 61.
\captionmargin=\dimen150
\captionmargin@=\dimen151
\captionwidth=\dimen152
\caption@tempdima=\dimen153
\caption@indent=\dimen154
\caption@parindent=\dimen155
\caption@hangindent=\dimen156
Package caption Info: Standard document class detected.
)
\c@caption@flags=\count266
\c@continuedfloat=\count267
Package caption Info: hyperref package is loaded.
)
(/usr/local/texlive/2020/texmf-dist/tex/latex/caption/subcaption.sty
Package: subcaption 2020/01/22 v1.3d Sub-captions (AR)
\c@subfigure=\count268
\c@subtable=\count269
)
(/usr/local/texlive/2020/texmf-dist/tex/latex/graphics/rotating.sty
Package: rotating 2016/08/11 v2.16d rotated objects in LaTeX

(/usr/local/texlive/2020/texmf-dist/tex/latex/base/ifthen.sty
Package: ifthen 2014/09/29 v1.1c Standard LaTeX ifthen package (DPC)
)
\c@r@tfl@t=\count270
\rotFPtop=\skip57
\rotFPbot=\skip58
\rot@float@box=\box47
\rot@mess@toks=\toks21
)
(/usr/local/texlive/2020/texmf-dist/tex/latex/listings/listings.sty
\lst@mode=\count271
\lst@gtempboxa=\box48
\lst@token=\toks22
\lst@length=\count272
\lst@currlwidth=\dimen157
\lst@column=\count273
\lst@pos=\count274
\lst@lostspace=\dimen158
\lst@width=\dimen159
\lst@newlines=\count275
\lst@lineno=\count276
\lst@maxwidth=\dimen160

(/usr/local/texlive/2020/texmf-dist/tex/latex/listings/lstmisc.sty
File: lstmisc.sty 2020/03/24 1.8d (Carsten Heinz)
\c@lstnumber=\count277
\lst@skipnumbers=\count278
\lst@framebox=\box49
)
(/usr/local/texlive/2020/texmf-dist/tex/latex/listings/listings.cfg
File: listings.cfg 2020/03/24 1.8d listings configuration
))
Package: listings 2020/03/24 1.8d (Carsten Heinz)

(/usr/local/texlive/2020/texmf-dist/tex/latex/fancyvrb/fancyvrb.sty
Package: fancyvrb 2020/01/13 v3.5 verbatim text (tvz,hv)
\FV@CodeLineNo=\count279
\FV@InFile=\read2
\FV@TabBox=\box50
\c@FancyVerbLine=\count280
\FV@StepNumber=\count281
\FV@OutFile=\write3
)
(/usr/local/texlive/2020/texmf-dist/tex/latex/adjustbox/adjustbox.sty
Package: adjustbox 2019/01/04 v1.2 Adjusting TeX boxes (trim, clip, ...)

(/usr/local/texlive/2020/texmf-dist/tex/latex/xkeyval/xkeyval.sty
Package: xkeyval 2014/12/03 v2.7a package option processing (HA)

(/usr/local/texlive/2020/texmf-dist/tex/generic/xkeyval/xkeyval.tex
(/usr/local/texlive/2020/texmf-dist/tex/generic/xkeyval/xkvutils.tex
\XKV@toks=\toks23
\XKV@tempa@toks=\toks24
)
\XKV@depth=\count282
File: xkeyval.tex 2014/12/03 v2.7a key=value parser (HA)
))
(/usr/local/texlive/2020/texmf-dist/tex/latex/adjustbox/adjcalc.sty
Package: adjcalc 2012/05/16 v1.1 Provides advanced setlength with multiple back
-ends (calc, etex, pgfmath)
)
(/usr/local/texlive/2020/texmf-dist/tex/latex/adjustbox/trimclip.sty
Package: trimclip 2018/04/08 v1.1 Trim and clip general TeX material

(/usr/local/texlive/2020/texmf-dist/tex/latex/collectbox/collectbox.sty
Package: collectbox 2012/05/17 v0.4b Collect macro arguments as boxes
\collectedbox=\box51
)
\tc@llx=\dimen161
\tc@lly=\dimen162
\tc@urx=\dimen163
\tc@ury=\dimen164
Package trimclip Info: Using driver 'tc-pdftex.def'.

(/usr/local/texlive/2020/texmf-dist/tex/latex/adjustbox/tc-pdftex.def
File: tc-pdftex.def 2019/01/04 v2.2 Clipping driver for pdftex
))
\adjbox@Width=\dimen165
\adjbox@Height=\dimen166
\adjbox@Depth=\dimen167
\adjbox@Totalheight=\dimen168
\adjbox@pwidth=\dimen169
\adjbox@pheight=\dimen170
\adjbox@pdepth=\dimen171
\adjbox@ptotalheight=\dimen172

(/usr/local/texlive/2020/texmf-dist/tex/latex/ifoddpage/ifoddpage.sty
Package: ifoddpage 2016/04/23 v1.1 Conditionals for odd/even page detection
\c@checkoddpage=\count283
)
(/usr/local/texlive/2020/texmf-dist/tex/latex/varwidth/varwidth.sty
Package: varwidth 2009/03/30 ver 0.92;  Variable-width minipages
\@vwid@box=\box52
\sift@deathcycles=\count284
\@vwid@loff=\dimen173
\@vwid@roff=\dimen174
))
(/usr/local/texlive/2020/texmf-dist/tex/latex/algorithm2e/algorithm2e.sty
Package: algorithm2e 2017/07/18 v5.2 algorithms environments
\c@AlgoLine=\count285
\algocf@hangindent=\skip59

(/usr/local/texlive/2020/texmf-dist/tex/latex/tools/xspace.sty
Package: xspace 2014/10/28 v1.13 Space after command names (DPC,MH)
)
(/usr/local/texlive/2020/texmf-dist/tex/latex/relsize/relsize.sty
Package: relsize 2013/03/29 ver 4.1
)
\skiptotal=\skip60
\skiplinenumber=\skip61
\skiprule=\skip62
\skiphlne=\skip63
\skiptext=\skip64
\skiplength=\skip65
\algomargin=\skip66
\skipalgocfslide=\skip67
\algowidth=\dimen175
\inoutsize=\dimen176
\inoutindent=\dimen177
\interspacetitleruled=\dimen178
\interspacealgoruled=\dimen179
\interspacetitleboxruled=\dimen180
\algocf@ruledwidth=\skip68
\algocf@inoutbox=\box53
\algocf@inputbox=\box54
\AlCapSkip=\skip69
\AlCapHSkip=\skip70
\algoskipindent=\skip71
\algocf@nlbox=\box55
\algocf@hangingbox=\box56
\algocf@untilbox=\box57
\algocf@skipuntil=\skip72
\algocf@capbox=\box58
\algocf@lcaptionbox=\skip73
\algoheightruledefault=\skip74
\algoheightrule=\skip75
\algotitleheightruledefault=\skip76
\algotitleheightrule=\skip77
\c@algocfline=\count286
\c@algocfproc=\count287
\c@algocf=\count288
\algocf@algoframe=\box59
\algocf@algobox=\box60
)
(/usr/local/texlive/2020/texmf-dist/tex/latex/graphics/color.sty
Package: color 2019/11/23 v1.2a Standard LaTeX Color (DPC)

(/usr/local/texlive/2020/texmf-dist/tex/latex/graphics-cfg/color.cfg
File: color.cfg 2016/01/02 v1.6 sample color configuration
)
Package color Info: Driver file: pdftex.def on input line 147.
)
(/usr/local/texlive/2020/texmf-dist/tex/latex/base/fontenc.sty
Package: fontenc 2020/02/11 v2.0o Standard LaTeX package
)
(/usr/local/texlive/2020/texmf-dist/tex/latex/appendix/appendix.sty
Package: appendix 2020/02/08 v1.2c extra appendix facilities
\c@@pps=\count289
\c@@ppsavesec=\count290
\c@@ppsaveapp=\count291
)
(/usr/local/texlive/2020/texmf-dist/tex/latex/multirow/multirow.sty
Package: multirow 2019/05/31 v2.5 Span multiple rows of a table
\multirow@colwidth=\skip78
\multirow@cntb=\count292
\multirow@dima=\skip79
\bigstrutjot=\dimen181
)
(/usr/local/texlive/2020/texmf-dist/tex/generic/ulem/ulem.sty
\UL@box=\box61
\UL@hyphenbox=\box62
\UL@skip=\skip80
\UL@hook=\toks25
\UL@height=\dimen182
\UL@pe=\count293
\UL@pixel=\dimen183
\ULC@box=\box63
Package: ulem 2019/11/18
\ULdepth=\dimen184
)
\FVerbBox=\box64

(/usr/local/texlive/2020/texmf-dist/tex/latex/l3backend/l3backend-pdfmode.def
File: l3backend-pdfmode.def 2020-03-12 L3 backend support: PDF mode
\l__kernel_color_stack_int=\count294
\l__pdf_internal_box=\box65
)
(./main.aux (./1-introduction.aux) (./2-SML.aux

Package natbib Warning: Citation `Backus59' multiply defined.


Package natbib Warning: Citation `ML-UseCase1' multiply defined.


Package natbib Warning: Citation `pedros:fewUsefulThings' multiply defined.


Package natbib Warning: Citation `feurer_auto_2018' multiply defined.


Package natbib Warning: Citation `frank2005weka' multiply defined.


Package natbib Warning: Citation `SML' multiply defined.


Package natbib Warning: Citation `komer_hyperopt_2019' multiply defined.


Package natbib Warning: Citation `kotthoff_auto_2019' multiply defined.


Package natbib Warning: Citation `Lichman:2013' multiply defined.


Package natbib Warning: Citation `Monahan' multiply defined.


Package natbib Warning: Citation `TPOT' multiply defined.


Package natbib Warning: Citation `scikit-learn' multiply defined.


Package natbib Warning: Citation `RizzoloRo10' multiply defined.


Package natbib Warning: Citation `Roth05' multiply defined.

) (./3-PredProfitML.aux

Package natbib Warning: Citation `ABIS' multiply defined.


Package natbib Warning: Citation `BB68' multiply defined.


Package natbib Warning: Citation `Bradshaw' multiply defined.


Package natbib Warning: Citation `CART' multiply defined.


Package natbib Warning: Citation `Campbell1997' multiply defined.


Package natbib Warning: Citation `cerqueira2019evaluating' multiply defined.


Package natbib Warning: Citation `ABIS:ML:EX3' multiply defined.


Package natbib Warning: Citation `ABIS:ML:EX2' multiply defined.


Package natbib Warning: Citation `HOU2012504' multiply defined.


Package natbib Warning: Citation `ISL' multiply defined.


Package natbib Warning: Citation `koning2017decision' multiply defined.


Package natbib Warning: Citation `Monahan' multiply defined.


Package natbib Warning: Citation `OU1989295' multiply defined.


Package natbib Warning: Citation `scikit-learn' multiply defined.


Package natbib Warning: Citation `ABIS:ML:EX1' multiply defined.


Package natbib Warning: Citation `IntAccBook' multiply defined.


Package natbib Warning: Citation `ABIS:ML:EX4' multiply defined.

) (./4-PyIF.aux

Package natbib Warning: Citation `JeffTE' multiply defined.


Package natbib Warning: Citation `ANN' multiply defined.


Package natbib Warning: Citation `hdf5' multiply defined.


Package natbib Warning: Citation `numpy' multiply defined.


Package natbib Warning: Citation `PyIF' multiply defined.


Package natbib Warning: Citation `EstimatingTE' multiply defined.


Package natbib Warning: Citation `kraskovEstimator' multiply defined.


Package natbib Warning: Citation `numba' multiply defined.


Package natbib Warning: Citation `TransferEntropyToolbox' multiply defined.


Package natbib Warning: Citation `Kantz' multiply defined.


Package natbib Warning: Citation `jpype' multiply defined.


Package natbib Warning: Citation `TransEnt' multiply defined.


Package natbib Warning: Citation `CUDA' multiply defined.


Package natbib Warning: Citation `scikit-learn' multiply defined.


Package natbib Warning: Citation `nose' multiply defined.


Package natbib Warning: Citation `cffi' multiply defined.


Package natbib Warning: Citation `Sandoval' multiply defined.


Package natbib Warning: Citation `RTransferEntropy' multiply defined.


Package natbib Warning: Citation `scipy' multiply defined.


Package natbib Warning: Citation `IDTxl' multiply defined.

) (./5-EarningsAnnouncementsInfoTransfers.aux))
\openout1 = `main.aux'.

LaTeX Font Info:    Checking defaults for OML/cmm/m/it on input line 117.
LaTeX Font Info:    ... okay on input line 117.
LaTeX Font Info:    Checking defaults for OMS/cmsy/m/n on input line 117.
LaTeX Font Info:    ... okay on input line 117.
LaTeX Font Info:    Checking defaults for OT1/cmr/m/n on input line 117.
LaTeX Font Info:    ... okay on input line 117.
LaTeX Font Info:    Checking defaults for T1/cmr/m/n on input line 117.
LaTeX Font Info:    ... okay on input line 117.
LaTeX Font Info:    Checking defaults for TS1/cmr/m/n on input line 117.
LaTeX Font Info:    ... okay on input line 117.
LaTeX Font Info:    Checking defaults for OMX/cmex/m/n on input line 117.
LaTeX Font Info:    ... okay on input line 117.
LaTeX Font Info:    Checking defaults for U/cmr/m/n on input line 117.
LaTeX Font Info:    ... okay on input line 117.
LaTeX Font Info:    Checking defaults for PD1/pdf/m/n on input line 117.
LaTeX Font Info:    ... okay on input line 117.
\chapternumberheight=\dimen185

(/usr/local/texlive/2020/texmf-dist/tex/context/base/mkii/supp-pdf.mkii
[Loading MPS to PDF converter (version 2006.09.02).]
\scratchcounter=\count295
\scratchdimen=\dimen186
\scratchbox=\box66
\nofMPsegments=\count296
\nofMParguments=\count297
\everyMPshowfont=\toks26
\MPscratchCnt=\count298
\MPscratchDim=\dimen187
\MPnumerator=\count299
\makeMPintoPDFobject=\count300
\everyMPtoPDFconversion=\toks27
) (/usr/local/texlive/2020/texmf-dist/tex/latex/epstopdf-pkg/epstopdf-base.sty
Package: epstopdf-base 2020-01-24 v2.11 Base part for package epstopdf

(/usr/local/texlive/2020/texmf-dist/tex/latex/grfext/grfext.sty
Package: grfext 2019/12/03 v1.3 Manage graphics extensions (HO)
)
Package epstopdf-base Info: Redefining graphics rule for `.eps' on input line 4
85.
Package grfext Info: Graphics extension search list:
(grfext)             [.pdf,.png,.jpg,.mps,.jpeg,.jbig2,.jb2,.PDF,.PNG,.JPG,.JPE
G,.JBIG2,.JB2,.eps]
(grfext)             \AppendGraphicsExtensions on input line 504.

(/usr/local/texlive/2020/texmf-dist/tex/latex/latexconfig/epstopdf-sys.cfg
File: epstopdf-sys.cfg 2010/07/13 v1.3 Configuration of (r)epstopdf for TeX Liv
e
))
\AtBeginShipoutBox=\box67
Package hyperref Info: Link coloring OFF on input line 117.

(/usr/local/texlive/2020/texmf-dist/tex/latex/hyperref/nameref.sty
Package: nameref 2019/09/16 v2.46 Cross-referencing by name of section

(/usr/local/texlive/2020/texmf-dist/tex/latex/refcount/refcount.sty
Package: refcount 2019/12/15 v3.6 Data extraction from label references (HO)
)
(/usr/local/texlive/2020/texmf-dist/tex/generic/gettitlestring/gettitlestring.s
ty
Package: gettitlestring 2019/12/15 v1.6 Cleanup title references (HO)
)
\c@section@level=\count301
)
LaTeX Info: Redefining \ref on input line 117.
LaTeX Info: Redefining \pageref on input line 117.
LaTeX Info: Redefining \nameref on input line 117.
 (./main.out) (./main.out)
\@outlinefile=\write4
\openout4 = `main.out'.

Package caption Info: Begin \AtBeginDocument code.
Package caption Info: listings package is loaded.
Package caption Info: rotating package is loaded.
Package caption Info: End \AtBeginDocument code.
\c@lstlisting=\count302
\thesis@dim=\dimen188
\ct@dim=\dimen189
\cn@dim=\dimen190

Underfull \vbox (badness 10000) detected at line 131
 []


Underfull \vbox (badness 10000) detected at line 131
 []

LaTeX Font Info:    Trying to load font information for U+msa on input line 131
.
(/usr/local/texlive/2020/texmf-dist/tex/latex/amsfonts/umsa.fd
File: umsa.fd 2013/01/14 v3.01 AMS symbols A
)
LaTeX Font Info:    Trying to load font information for U+msb on input line 131
.

(/usr/local/texlive/2020/texmf-dist/tex/latex/amsfonts/umsb.fd
File: umsb.fd 2013/01/14 v3.01 AMS symbols B
) [1

{/usr/local/texlive/2020/texmf-var/fonts/map/pdftex/updmap/pdftex.map}] [2


] [3

] (./main.toc
[4

])
\tf@toc=\write5
\openout5 = `main.toc'.

 [5]
\openout2 = `1-introduction.aux'.

 (./1-introduction.tex
Chapter 1.

Package hyperref Warning: Token not allowed in a PDF string (PDFDocEncoding):
(hyperref)                \hskip 11.74713pt
(hyperref)                replaced by space on input line 1.


Package natbib Warning: Citation `ISL:C1' on page 1 undefined on input line 16.


[1




]

Package natbib Warning: Citation `ISL:Chapter5' on page 2 undefined on input li
ne 28.

[2] [3] [4] [5] [6] [7]

Package natbib Warning: Citation `Foster1981' on page 8 undefined on input line
 121.


Package natbib Warning: Citation `Baginiski 1987' on page 8 undefined on input 
line 121.


Package natbib Warning: Citation `InfoTheoryApplications' on page 8 undefined o
n input line 124.


LaTeX Warning: Reference `' on page 8 undefined on input line 124.


LaTeX Warning: Reference `' on page 8 undefined on input line 124.


LaTeX Warning: Reference `' on page 8 undefined on input line 124.

[8]

Package natbib Warning: Citation `IntroToTransferEntropy' on page 9 undefined o
n input line 126.


Package natbib Warning: Citation `IntroToTransferEntropy2' on page 9 undefined 
on input line 126.

[9]

Package natbib Warning: Citation `MIdiffTE' on page 10 undefined on input line 
157.


Package natbib Warning: Citation `IntroToTransferEntropy' on page 10 undefined 
on input line 157.


Package natbib Warning: Citation `InfoTheoryApplications' on page 10 undefined 
on input line 157.


Package natbib Warning: Citation `TEBook' on page 10 undefined on input line 15
7.


Package natbib Warning: Citation `b359' on page 10 undefined on input line 159.


<figures/Intro/ExampleNetwork.pdf, id=506, 845.1575pt x 597.23125pt>
File: figures/Intro/ExampleNetwork.pdf Graphic file (type pdf)
<use figures/Intro/ExampleNetwork.pdf>
Package pdftex.def Info: figures/Intro/ExampleNetwork.pdf  used on input line 1
80.
(pdftex.def)             Requested size: 469.0pt x 331.4308pt.
[10]
<figures/Intro/ExampleNetworkDirected.pdf, id=514, 845.1575pt x 597.23125pt>
File: figures/Intro/ExampleNetworkDirected.pdf Graphic file (type pdf)
<use figures/Intro/ExampleNetworkDirected.pdf>
Package pdftex.def Info: figures/Intro/ExampleNetworkDirected.pdf  used on inpu
t line 191.
(pdftex.def)             Requested size: 469.0pt x 331.4308pt.
<figures/Intro/ExampleNetworkDirectedWeighted.pdf, id=517, 845.1575pt x 597.231
25pt>
File: figures/Intro/ExampleNetworkDirectedWeighted.pdf Graphic file (type pdf)
<use figures/Intro/ExampleNetworkDirectedWeighted.pdf>
Package pdftex.def Info: figures/Intro/ExampleNetworkDirectedWeighted.pdf  used
 on input line 203.
(pdftex.def)             Requested size: 469.0pt x 331.4308pt.
<figures/Intro/ExampleNetworkDegree.pdf, id=520, 845.1575pt x 597.23125pt>
File: figures/Intro/ExampleNetworkDegree.pdf Graphic file (type pdf)
<use figures/Intro/ExampleNetworkDegree.pdf>
Package pdftex.def Info: figures/Intro/ExampleNetworkDegree.pdf  used on input 
line 212.
(pdftex.def)             Requested size: 469.0pt x 331.4308pt.
<figures/ppt/TrainTestSplit.png, id=523, 963.6pt x 542.025pt>
File: figures/ppt/TrainTestSplit.png Graphic file (type png)
<use figures/ppt/TrainTestSplit.png>
Package pdftex.def Info: figures/ppt/TrainTestSplit.png  used on input line 252
.
(pdftex.def)             Requested size: 469.0pt x 263.8081pt.
<figures/ppt/KFoldValidation.png, id=524, 963.6pt x 542.025pt>
File: figures/ppt/KFoldValidation.png Graphic file (type png)
<use figures/ppt/KFoldValidation.png>
Package pdftex.def Info: figures/ppt/KFoldValidation.png  used on input line 26
4.
(pdftex.def)             Requested size: 469.0pt x 263.8081pt.
<figures/ppt/KFoldValidationExplain.png, id=527, 963.6pt x 542.025pt>
File: figures/ppt/KFoldValidationExplain.png Graphic file (type png)
<use figures/ppt/KFoldValidationExplain.png>
Package pdftex.def Info: figures/ppt/KFoldValidationExplain.png  used on input 
line 274.
(pdftex.def)             Requested size: 469.0pt x 263.8081pt.
<figures/ppt/DecisionTree.png, id=530, 963.6pt x 542.025pt>
File: figures/ppt/DecisionTree.png Graphic file (type png)
<use figures/ppt/DecisionTree.png>
Package pdftex.def Info: figures/ppt/DecisionTree.png  used on input line 287.
(pdftex.def)             Requested size: 469.0pt x 263.8081pt.
 [11 <./figures/Intro/ExampleNetwork.pdf, page is rotated 90 degrees>]
[12] [13 <./figures/Intro/ExampleNetworkDirected.pdf, page is rotated 90 degree
s>] [14 <./figures/Intro/ExampleNetworkDirectedWeighted.pdf, page is rotated 90
 degrees>] [15 <./figures/Intro/ExampleNetworkDegree.pdf, page is rotated 90 de
grees>] [16 <./figures/ppt/TrainTestSplit.png>] [17 <./figures/ppt/KFoldValidat
ion.png>] [18 <./figures/ppt/KFoldValidationExplain.png>] [19 <./figures/ppt/De
cisionTree.png>] (./1-introduction.bbl)) [20

]
\openout2 = `2-SML.aux'.

 (./2-SML.tex
Chapter 2.

Package hyperref Warning: Token not allowed in a PDF string (PDFDocEncoding):
(hyperref)                \hskip 11.74713pt
(hyperref)                replaced by space on input line 1.

(./2-SML.bbl)
LaTeX Font Info:    Trying to load font information for T1+cmtt on input line 1
1.
 (/usr/local/texlive/2020/texmf-dist/tex/latex/base/t1cmtt.fd
File: t1cmtt.fd 2019/12/16 v2.5j Standard LaTeX font definitions
)
[21




] [22] [23]
Overfull \hbox (24.27266pt too wide) in paragraph at lines 70--71
\OML/cmm/m/it/12 READ$ \T1/cmr/m/n/12 fol-lowed by an $\OML/cmm/m/it/12 Arugmen
t$ \T1/cmr/m/n/12 that spec-i-fies the path to the dataset. Next an $\OML/cmm/m
/it/12 OptionValueList$
 []

[24] [25] [26] [27]
Underfull \hbox (badness 10000) in paragraph at lines 119--119
[][][]\T1/cmr/m/n/10 For a de-tailed doc-u-men-ta-tion de-scrib-ing this code v
isit: https://github.com/lcdm-
 []

[28]
Underfull \hbox (badness 10000) in paragraph at lines 122--122
[][][]\T1/cmr/m/n/10 For a de-tailed doc-u-men-ta-tion de-scrib-ing this code v
isit: https://github.com/lcdm-
 []


Underfull \hbox (badness 10000) in paragraph at lines 122--122
\T1/cmr/m/n/10 uiuc/sml/blob/master/dataflows/plot/autompg_linear_regression-RE
AD-SPLIT-REGRESS-PLOT.ipynb
 []

[29] [30] [31]
<figures/SML/architecture.png, id=786, 868.4445pt x 463.7325pt>
File: figures/SML/architecture.png Graphic file (type png)
<use figures/SML/architecture.png>
Package pdftex.def Info: figures/SML/architecture.png  used on input line 143.
(pdftex.def)             Requested size: 578.87836pt x 309.10706pt.


LaTeX Warning: `!h' float specifier changed to `!ht'.

<figures/SML/connector.png, id=788, 963.6pt x 542.025pt>
File: figures/SML/connector.png Graphic file (type png)
<use figures/SML/connector.png>
Package pdftex.def Info: figures/SML/connector.png  used on input line 150.
(pdftex.def)             Requested size: 643.20255pt x 361.80675pt.
<figures/SML/sml-web-site.png, id=789, 1925.1925pt x 670.505pt>
File: figures/SML/sml-web-site.png Graphic file (type png)
<use figures/SML/sml-web-site.png>
Package pdftex.def Info: figures/SML/sml-web-site.png  used on input line 157.
(pdftex.def)             Requested size: 643.20255pt x 224.00926pt.

LaTeX Warning: `!h' float specifier changed to `!ht'.

<figures/SML/iris_results.png, id=790, 1444.39626pt x 697.60625pt>
File: figures/SML/iris_results.png Graphic file (type png)
<use figures/SML/iris_results.png>
Package pdftex.def Info: figures/SML/iris_results.png  used on input line 165.
(pdftex.def)             Requested size: 643.20255pt x 310.65201pt.

LaTeX Warning: Reference `fig:SML:IrisQuery' on page 32 undefined on input line
 167.


LaTeX Warning: Reference `fig:Manual:IrisCode' on page 32 undefined on input li
ne 167.


LaTeX Warning: Reference `fig:SML:IrisQuery' on page 32 undefined on input line
 167.


LaTeX Warning: Reference `fig:Manual:IrisCode' on page 32 undefined on input li
ne 167.


LaTeX Warning: `!h' float specifier changed to `!ht'.

<figures/SML/auto-mpg-results.png, id=791, 1591.9475pt x 377.41pt>
File: figures/SML/auto-mpg-results.png Graphic file (type png)
<use figures/SML/auto-mpg-results.png>
Package pdftex.def Info: figures/SML/auto-mpg-results.png  used on input line 1
72.
(pdftex.def)             Requested size: 643.20255pt x 152.4874pt.

LaTeX Warning: Reference `fig:SML:AutoMPGQuery' on page 32 undefined on input l
ine 174.


LaTeX Warning: Reference `fig:SML:AutoMPGQuery' on page 32 undefined on input l
ine 174.


LaTeX Warning: `!h' float specifier changed to `!ht'.

[32

] [33 <./figures/SML/architecture.png>] [34 <./figures/SML/connector.png>]
[35 <./figures/SML/sml-web-site.png>] [36 <./figures/SML/iris_results.png>]
[37 <./figures/SML/auto-mpg-results.png>]
(/usr/local/texlive/2020/texmf-dist/tex/latex/listings/lstlang1.sty
File: lstlang1.sty 2020/03/24 1.8d listings language file
)
Package hyperref Info: bookmark level for unknown lstlisting defaults to 0 on i
nput line 182.
 [38

]
[39] [40] (./2-SML.bblpdfTeX warning (ext4): destination with the same identifi
er (name{cite.SML@-2}) has been already used, duplicate ignored
<to be read again> 
                   \relax 
l.43 ...17)Ikegwu, Hao, Asthana, and Brunner]{SML}
                                                   [41


])) [42]
\openout2 = `3-PredProfitML.aux'.


(./3-PredProfitML.tex
Chapter 3.

Package hyperref Warning: Token not allowed in a PDF string (PDFDocEncoding):
(hyperref)                \hskip 11.74713pt
(hyperref)                replaced by space on input line 2.

(./3-PredProfitML.bbl) [43




] [44] [45] [46] [47] [48] [49] [50] [51] [52]
[53] [54] [55] [56] [57] [58] [59]
<figures/ABIS/analysis_1-1_ValidationCurveTrees.png, id=1120, 867.24pt x 1156.3
2pt>
File: figures/ABIS/analysis_1-1_ValidationCurveTrees.png Graphic file (type png
)
<use figures/ABIS/analysis_1-1_ValidationCurveTrees.png>
Package pdftex.def Info: figures/ABIS/analysis_1-1_ValidationCurveTrees.png  us
ed on input line 200.
(pdftex.def)             Requested size: 469.00398pt x 625.33864pt.


LaTeX Warning: Float too large for page by 21.13608pt on input line 206.

<figures/ABIS/analysis_1-1_ValidationCurveDepth.png, id=1121, 867.24pt x 1156.3
2pt>
File: figures/ABIS/analysis_1-1_ValidationCurveDepth.png Graphic file (type png
)
<use figures/ABIS/analysis_1-1_ValidationCurveDepth.png>
Package pdftex.def Info: figures/ABIS/analysis_1-1_ValidationCurveDepth.png  us
ed on input line 210.
(pdftex.def)             Requested size: 469.0pt x 625.33864pt.

LaTeX Warning: Float too large for page by 21.13608pt on input line 216.

[60

] [61 <./figures/ABIS/analysis_1-1_ValidationCurveTrees.png>] [62 <./figures/AB
IS/analysis_1-1_ValidationCurveDepth.png>]
Overfull \hbox (8.87093pt too wide) in paragraph at lines 226--253
 [][] 
 []


LaTeX Warning: No positions in optional float specifier.
               Default added (so using `tbp') on input line 294.


Overfull \hbox (0.53563pt too wide) in paragraph at lines 295--304
[][] 
 []


Overfull \hbox (26.45721pt too wide) in paragraph at lines 442--461
 [][] 
 []


Overfull \hbox (26.45721pt too wide) in paragraph at lines 468--487
 [][] 
 []


Overfull \hbox (26.45721pt too wide) in paragraph at lines 494--513
 [][] 
 []


LaTeX Warning: No positions in optional float specifier.
               Default added (so using `tbp') on input line 517.


Overfull \hbox (26.45721pt too wide) in paragraph at lines 519--538
 [][] 
 []


LaTeX Warning: No positions in optional float specifier.
               Default added (so using `tbp') on input line 542.


Overfull \hbox (26.45721pt too wide) in paragraph at lines 544--563
 [][] 
 []


LaTeX Warning: No positions in optional float specifier.
               Default added (so using `tbp') on input line 567.


LaTeX Warning: No positions in optional float specifier.
               Default added (so using `tbp') on input line 599.


LaTeX Warning: No positions in optional float specifier.
               Default added (so using `tbp') on input line 631.


LaTeX Warning: No positions in optional float specifier.
               Default added (so using `tbp') on input line 663.


LaTeX Warning: No positions in optional float specifier.
               Default added (so using `tbp') on input line 695.

[63

] [64] [65] [66] [67] [68] [69] [70] [71] [72] [73] [74] [75] [76] [77]
[78] (./3-PredProfitML.bblpdfTeX warning (ext4): destination with the same iden
tifier (name{cite.ABIS@-3}) has been already used, duplicate ignored
<to be read again> 
                   \relax 
l.8 ...and, Brunner, Ikegwu, and Sougiannis]{ABIS}
                                                   [79

])) [80]
\openout2 = `4-PyIF.aux'.

 (./4-PyIF.tex
Chapter 4.

Package hyperref Warning: Token not allowed in a PDF string (PDFDocEncoding):
(hyperref)                \hskip 11.74713pt
(hyperref)                replaced by space on input line 1.

(./4-PyIF.bbl) [81




] [82] [83] [84] [85]
Underfull \hbox (badness 10000) in paragraph at lines 98--98
[]$\T1/cmtt/m/n/10 https : / / github . com / lcdm-[]uiuc / Publications / tree
 / master / 2020 _ Ikegwu _ Traguer _ McMullin _
 []

[86] [87] [88] [89] [90]
<figures/PyIF/FreqObs.png, id=1387, 1445.4pt x 867.24pt>
File: figures/PyIF/FreqObs.png Graphic file (type png)
<use figures/PyIF/FreqObs.png>
Package pdftex.def Info: figures/PyIF/FreqObs.png  used on input line 148.
(pdftex.def)             Requested size: 650.424pt x 390.2544pt.
<figures/PyIF/WallTime-TE.png, id=1388, 867.24pt x 433.62pt>
File: figures/PyIF/WallTime-TE.png Graphic file (type png)
<use figures/PyIF/WallTime-TE.png>
Package pdftex.def Info: figures/PyIF/WallTime-TE.png  used on input line 154.
(pdftex.def)             Requested size: 693.79295pt x 346.89647pt.
<figures/PyIF/WallTime-TE2.png, id=1389, 867.24pt x 433.62pt>
File: figures/PyIF/WallTime-TE2.png Graphic file (type png)
<use figures/PyIF/WallTime-TE2.png>
Package pdftex.def Info: figures/PyIF/WallTime-TE2.png  used on input line 161.

(pdftex.def)             Requested size: 693.79295pt x 346.89647pt.
 [91

] [92 <./figures/PyIF/FreqObs.png>] [93 <./figures/PyIF/WallTime-TE.png>] [94 <
./figures/PyIF/WallTime-TE2.png>] [95

] [96]
[97] (./4-PyIF.bblpdfTeX warning (ext4): destination with the same identifier (
name{cite.PyIF@-4}) has been already used, duplicate ignored
<to be read again> 
                   \relax 
l.37   {Brunner}]{PyIF}
                       
Underfull \hbox (badness 2600) in paragraph at lines 69--77
[]\T1/cmr/m/n/12 Michael Lind-ner, Raul Vi-cente, Vi-ola Priese-mann, and Micha
el Wibral.  Tren-
 []


Underfull \hbox (badness 1158) in paragraph at lines 69--77
\T1/cmr/m/n/12 tool: A mat-lab open source tool-box to anal-yse in-for-ma-tion 
flow in time se-ries
 []

[98

])) [99]
\openout2 = `5-EarningsAnnouncementsInfoTransfers.aux'.

 (./5-EarningsAnnouncementsInfoTransfers.tex
Chapter 5.

Package hyperref Warning: Token not allowed in a PDF string (PDFDocEncoding):
(hyperref)                \hskip 11.74713pt
(hyperref)                replaced by space on input line 1.

[100




] (./5-EarningsAnnouncementsInfoTransfers.bbl

Package natbib Warning: Empty `thebibliography' environment on input line 8.

)) [101

] (./Appendix.tex
Appendix A.

Package hyperref Warning: Token not allowed in a PDF string (PDFDocEncoding):
(hyperref)                \hskip 11.74713pt
(hyperref)                replaced by space on input line 1.


LaTeX Warning: Reference `fig:SML:IrisQuery' on page 102 undefined on input lin
e 4.

[102


] [103] [104]

LaTeX Warning: Reference `fig:SML:AutoMPGQuery' on page 105 undefined on input 
line 85.

[105

] [106] [107]) [108]

Package natbib Warning: There were undefined citations.


Package natbib Warning: There were multiply defined citations.

Package atveryend Info: Empty hook `BeforeClearDocument' on input line 221.
Package atveryend Info: Empty hook `AfterLastShipout' on input line 221.
(./main.aux (./1-introduction.aux) (./2-SML.aux

Package natbib Warning: Citation(s) may have changed.
(natbib)                Rerun to get citations correct.

) (./3-PredProfitML.aux) (./4-PyIF.aux)
(./5-EarningsAnnouncementsInfoTransfers.aux))
Package atveryend Info: Executing hook `AtVeryEndDocument' on input line 221.
Package atveryend Info: Executing hook `AtEndAfterFileList' on input line 221.
Package rerunfilecheck Info: File `main.out' has not changed.
(rerunfilecheck)             Checksum: CC92E15E9C6CBB837D7BB7406CA481F9;5039.


LaTeX Warning: There were undefined references.


LaTeX Warning: Label(s) may have changed. Rerun to get cross-references right.

Package atveryend Info: Empty hook `AtVeryVeryEnd' on input line 221.
 )
(\end occurred inside a group at level 2)

### simple group (level 2) entered at line 257 ({)
### simple group (level 1) entered at line 222 ({)
### bottom level 
Here is how much of TeX's memory you used:
 14025 strings out of 480608
 210973 string characters out of 5903631
 811362 words of memory out of 5000000
 29012 multiletter control sequences out of 15000+600000
 549588 words of font info for 67 fonts, out of 8000000 for 9000
 1141 hyphenation exceptions out of 8191
 46i,14n,83p,1323b,2014s stack positions out of 5000i,500n,10000p,200000b,80000s
{/usr/local/texlive/2020/texmf-dist/fonts/enc/dvips/cm-super/cm
-super-t1.enc}{/usr/local/texlive/2020/texmf-dist/fonts/enc/dvips/cm-super/cm-s
uper-ts1.enc}</usr/local/texlive/2020/texmf-dist/fonts/type1/public/amsfonts/cm
/cmex10.pfb></usr/local/texlive/2020/texmf-dist/fonts/type1/public/amsfonts/cm/
cmmi12.pfb></usr/local/texlive/2020/texmf-dist/fonts/type1/public/amsfonts/cm/c
mmi6.pfb></usr/local/texlive/2020/texmf-dist/fonts/type1/public/amsfonts/cm/cmm
i8.pfb></usr/local/texlive/2020/texmf-dist/fonts/type1/public/amsfonts/cm/cmr12
.pfb></usr/local/texlive/2020/texmf-dist/fonts/type1/public/amsfonts/cm/cmr6.pf
b></usr/local/texlive/2020/texmf-dist/fonts/type1/public/amsfonts/cm/cmr8.pfb><
/usr/local/texlive/2020/texmf-dist/fonts/type1/public/amsfonts/cm/cmsy10.pfb></
usr/local/texlive/2020/texmf-dist/fonts/type1/public/amsfonts/cm/cmsy6.pfb></us
r/local/texlive/2020/texmf-dist/fonts/type1/public/amsfonts/cm/cmsy8.pfb></usr/
local/texlive/2020/texmf-dist/fonts/type1/public/cm-super/sfbx1200.pfb></usr/lo
cal/texlive/2020/texmf-dist/fonts/type1/public/cm-super/sfbx1440.pfb></usr/loca
l/texlive/2020/texmf-dist/fonts/type1/public/cm-super/sfbx1728.pfb></usr/local/
texlive/2020/texmf-dist/fonts/type1/public/cm-super/sfbx2488.pfb></usr/local/te
xlive/2020/texmf-dist/fonts/type1/public/cm-super/sfrm0700.pfb></usr/local/texl
ive/2020/texmf-dist/fonts/type1/public/cm-super/sfrm0800.pfb></usr/local/texliv
e/2020/texmf-dist/fonts/type1/public/cm-super/sfrm1000.pfb></usr/local/texlive/
2020/texmf-dist/fonts/type1/public/cm-super/sfrm1200.pfb></usr/local/texlive/20
20/texmf-dist/fonts/type1/public/cm-super/sfti1000.pfb></usr/local/texlive/2020
/texmf-dist/fonts/type1/public/cm-super/sfti1200.pfb></usr/local/texlive/2020/t
exmf-dist/fonts/type1/public/cm-super/sftt1000.pfb></usr/local/texlive/2020/tex
mf-dist/fonts/type1/public/cm-super/sftt1200.pfb>
Output written on main.pdf (113 pages, 5807307 bytes).
PDF statistics:
 1860 PDF objects out of 2073 (max. 8388607)
 1663 compressed objects within 17 object streams
 585 named destinations out of 1000 (max. 500000)
 683 words of extra memory for PDF output out of 10000 (max. 10000000)

